dtrace: system integrity protection is on, some features will not be available
SYSCALL(args) 		 = return
[INFO]: |Global Allocator| Allocated memory safely and added it to the stack.
[INFO]: |Global Allocator| Allocated memory safely and added it to the stack.
This is one string
[INFO]: |Global Allocator| Freed memory safely. Cleared 2 objects
[INFO]: |Global Allocator| Nothing to clear.
dtrace: error on enabled probe ID 1741 (ID 573: syscall::sysctl:return): invalid kernel access in action #10 at DIF offset 28
dtrace: error on enabled probe ID 1741 (ID 573: syscall::sysctl:return): invalid kernel access in action #10 at DIF offset 28
dtrace: error on enabled probe ID 1741 (ID 573: syscall::sysctl:return): invalid kernel access in action #10 at DIF offset 28
dtrace: error on enabled probe ID 1741 (ID 573: syscall::sysctl:return): invalid kernel access in action #10 at DIF offset 28
dtrace: error on enabled probe ID 1690 (ID 845: syscall::stat64:return): invalid address (0x0) in action #11 at DIF offset 12
munmap(0x10CFFE000, 0xA0000)		 = 0 0
munmap(0x10D09E000, 0x8000)		 = 0 0
munmap(0x10D0A6000, 0x4000)		 = 0 0
munmap(0x10D0AA000, 0x4000)		 = 0 0
munmap(0x10D0AE000, 0x58000)		 = 0 0
open(".\0", 0x100000, 0x0)		 = 3 0
fcntl(0x3, 0x32, 0x7FF7B4346130)		 = 0 0
close(0x3)		 = 0 0
fsgetpath(0x7FF7B4346140, 0x400, 0x7FF7B4346128)		 = 51 0
fsgetpath(0x7FF7B4346140, 0x400, 0x7FF7B4346128)		 = 14 0
csrctl(0x0, 0x7FF7B434654C, 0x4)		 = -1 1
__mac_syscall(0x7FF8162EDE5B, 0x2, 0x7FF7B43463B0)		 = 0 0
csrctl(0x0, 0x7FF7B434655C, 0x4)		 = -1 1
__mac_syscall(0x7FF8162EADE4, 0x5A, 0x7FF7B43464F0)		 = 0 0
open("/\0", 0x20100000, 0x0)		 = 3 0
openat(0x3, "System/Cryptexes/OS\0", 0x100000, 0x0)		 = 4 0
dup(0x4, 0x0, 0x0)		 = 5 0
fstatat64(0x4, 0x7FF7B4345291, 0x7FF7B4345690)		 = 0 0
openat(0x4, "System/Library/dyld/\0", 0x100000, 0x0)		 = 6 0
fcntl(0x6, 0x32, 0x7FF7B4345320)		 = 0 0
dup(0x6, 0x0, 0x0)		 = 7 0
dup(0x5, 0x0, 0x0)		 = 8 0
close(0x3)		 = 0 0
close(0x5)		 = 0 0
close(0x4)		 = 0 0
close(0x6)		 = 0 0
shared_region_check_np(0x7FF7B4345C08, 0x0, 0x0)		 = 0 0
fsgetpath(0x7FF7B4346170, 0x400, 0x7FF7B43460A8)		 = 83 0
fcntl(0x8, 0x32, 0x7FF7B4346170)		 = 0 0
close(0x8)		 = 0 0
close(0x7)		 = 0 0
getfsstat64(0x0, 0x0, 0x2)		 = 8 0
getfsstat64(0x10C102AA0, 0x43C0, 0x2)		 = 8 0
getattrlist("/\0", 0x7FF7B43460B0, 0x7FF7B4346020)		 = 0 0
stat64("/System/Volumes/Preboot/Cryptexes/OS/System/Library/dyld/dyld_shared_cache_x86_64h\0", 0x7FF7B43463E8, 0x0)		 = 0 0
stat64("/Users/rodat@thehutgroup.com/c-lang/stdlibext/safe\0", 0x7FF7B4345880, 0x0)		 = 0 0
open("/Users/rodat@thehutgroup.com/c-lang/stdlibext/safe\0", 0x0, 0x0)		 = 3 0
mmap(0x0, 0x8CA0, 0x1, 0x40002, 0x3, 0x0)		 = 0x10BBC9000 0
fcntl(0x3, 0x32, 0x7FF7B4345990)		 = 0 0
close(0x3)		 = 0 0
munmap(0x10BBC9000, 0x8CA0)		 = 0 0
stat64("/Users/rodat@thehutgroup.com/c-lang/stdlibext/safe\0", 0x7FF7B4345DE0, 0x0)		 = 0 0
stat64("/usr/lib/libSystem.B.dylib\0", 0x7FF7B4344DF0, 0x0)		 = -1 2
stat64("/System/Volumes/Preboot/Cryptexes/OS/usr/lib/libSystem.B.dylib\0", 0x7FF7B4344DA0, 0x0)		 = -1 2
stat64("/usr/lib/libSystem.B.dylib\0", 0x7FF7B4344DF0, 0x0)		 = -1 2
stat64("/usr/lib/libobjc.A.dylib\0", 0x7FF7B4342A40, 0x0)		 = -1 2
stat64("/System/Volumes/Preboot/Cryptexes/OS/usr/lib/libobjc.A.dylib\0", 0x7FF7B43429F0, 0x0)		 = -1 2
stat64("/usr/lib/libobjc.A.dylib\0", 0x7FF7B4342A40, 0x0)		 = -1 2
stat64("/usr/lib/system/libsystem_blocks.dylib\0", 0x7FF7B4342A40, 0x0)		 = -1 2
stat64("/System/Volumes/Preboot/Cryptexes/OS/usr/lib/system/libsystem_blocks.dylib\0", 0x7FF7B43429E0, 0x0)		 = -1 2
stat64("/usr/lib/system/libsystem_blocks.dylib\0", 0x7FF7B4342A40, 0x0)		 = -1 2
stat64("/usr/lib/system/libxpc.dylib\0", 0x7FF7B4342A40, 0x0)		 = -1 2
stat64("/System/Volumes/Preboot/Cryptexes/OS/usr/lib/system/libxpc.dylib\0", 0x7FF7B43429F0, 0x0)		 = -1 2
stat64("/usr/lib/system/libxpc.dylib\0", 0x7FF7B4342A40, 0x0)		 = -1 2
stat64("/usr/lib/system/libsystem_trace.dylib\0", 0x7FF7B4342A40, 0x0)		 = -1 2
stat64("/System/Volumes/Preboot/Cryptexes/OS/usr/lib/system/libsystem_trace.dylib\0", 0x7FF7B43429E0, 0x0)		 = -1 2
stat64("/usr/lib/system/libsystem_trace.dylib\0", 0x7FF7B4342A40, 0x0)		 = -1 2
stat64("/usr/lib/system/libcorecrypto.dylib\0", 0x7FF7B4342A40, 0x0)		 = -1 2
stat64("/System/Volumes/Preboot/Cryptexes/OS/usr/lib/system/libcorecrypto.dylib\0", 0x7FF7B43429F0, 0x0)		 = -1 2
stat64("/usr/lib/system/libcorecrypto.dylib\0", 0x7FF7B4342A40, 0x0)		 = -1 2
stat64("/usr/lib/system/libsystem_malloc.dylib\0", 0x7FF7B4342A40, 0x0)		 = -1 2
stat64("/System/Volumes/Preboot/Cryptexes/OS/usr/lib/system/libsystem_malloc.dylib\0", 0x7FF7B43429E0, 0x0)		 = -1 2
stat64("/usr/lib/system/libsystem_malloc.dylib\0", 0x7FF7B4342A40, 0x0)		 = -1 2
stat64("/usr/lib/system/libdispatch.dylib\0", 0x7FF7B4342A40, 0x0)		 = -1 2
stat64("/System/Volumes/Preboot/Cryptexes/OS/usr/lib/system/libdispatch.dylib\0", 0x7FF7B43429F0, 0x0)		 = -1 2
stat64("/usr/lib/system/libdispatch.dylib\0", 0x7FF7B4342A40, 0x0)		 = -1 2
stat64("/usr/lib/system/libsystem_featureflags.dylib\0", 0x7FF7B4342A40, 0x0)		 = -1 2
stat64("/System/Volumes/Preboot/Cryptexes/OS/usr/lib/system/libsystem_featureflags.dylib\0", 0x7FF7B43429E0, 0x0)		 = -1 2
stat64("/usr/lib/system/libsystem_featureflags.dylib\0", 0x7FF7B4342A40, 0x0)		 = -1 2
stat64("/usr/lib/system/libsystem_c.dylib\0", 0x7FF7B4342A40, 0x0)		 = -1 2
stat64("/System/Volumes/Preboot/Cryptexes/OS/usr/lib/system/libsystem_c.dylib\0", 0x7FF7B43429F0, 0x0)		 = -1 2
stat64("/usr/lib/system/libsystem_c.dylib\0", 0x7FF7B4342A40, 0x0)		 = -1 2
stat64("/usr/lib/libc++.1.dylib\0", 0x7FF7B4342A40, 0x0)		 = -1 2
stat64("/System/Volumes/Preboot/Cryptexes/OS/usr/lib/libc++.1.dylib\0", 0x7FF7B43429F0, 0x0)		 = -1 2
stat64("/usr/lib/libc++.1.dylib\0", 0x7FF7B4342A40, 0x0)		 = -1 2
stat64("/usr/lib/libc++abi.dylib\0", 0x7FF7B4342A40, 0x0)		 = -1 2
stat64("/System/Volumes/Preboot/Cryptexes/OS/usr/lib/libc++abi.dylib\0", 0x7FF7B43429F0, 0x0)		 = -1 2
stat64("/usr/lib/libc++abi.dylib\0", 0x7FF7B4342A40, 0x0)		 = -1 2
stat64("/usr/lib/system/libdyld.dylib\0", 0x7FF7B4342A40, 0x0)		 = -1 2
stat64("/System/Volumes/Preboot/Cryptexes/OS/usr/lib/system/libdyld.dylib\0", 0x7FF7B43429F0, 0x0)		 = -1 2
stat64("/usr/lib/system/libdyld.dylib\0", 0x7FF7B4342A40, 0x0)		 = -1 2
stat64("/usr/lib/system/libsystem_info.dylib\0", 0x7FF7B4342A40, 0x0)		 = -1 2
stat64("/System/Volumes/Preboot/Cryptexes/OS/usr/lib/system/libsystem_info.dylib\0", 0x7FF7B43429F0, 0x0)		 = -1 2
stat64("/usr/lib/system/libsystem_info.dylib\0", 0x7FF7B4342A40, 0x0)		 = -1 2
stat64("/usr/lib/system/libsystem_darwin.dylib\0", 0x7FF7B4342A40, 0x0)		 = -1 2
stat64("/System/Volumes/Preboot/Cryptexes/OS/usr/lib/system/libsystem_darwin.dylib\0", 0x7FF7B43429E0, 0x0)		 = -1 2
stat64("/usr/lib/system/libsystem_darwin.dylib\0", 0x7FF7B4342A40, 0x0)		 = -1 2
stat64("/usr/lib/system/libsystem_notify.dylib\0", 0x7FF7B4342A40, 0x0)		 = -1 2
stat64("/System/Volumes/Preboot/Cryptexes/OS/usr/lib/system/libsystem_notify.dylib\0", 0x7FF7B43429E0, 0x0)		 = -1 2
stat64("/usr/lib/system/libsystem_notify.dylib\0", 0x7FF7B4342A40, 0x0)		 = -1 2
stat64("/usr/lib/system/libsystem_networkextension.dylib\0", 0x7FF7B4342A40, 0x0)		 = -1 2
stat64("/System/Volumes/Preboot/Cryptexes/OS/usr/lib/system/libsystem_networkextension.dylib\0", 0x7FF7B43429E0, 0x0)		 = -1 2
stat64("/usr/lib/system/libsystem_networkextension.dylib\0", 0x7FF7B4342A40, 0x0)		 = -1 2
stat64("/usr/lib/system/libsystem_asl.dylib\0", 0x7FF7B4342A40, 0x0)		 = -1 2
stat64("/System/Volumes/Preboot/Cryptexes/OS/usr/lib/system/libsystem_asl.dylib\0", 0x7FF7B43429F0, 0x0)		 = -1 2
stat64("/usr/lib/system/libsystem_asl.dylib\0", 0x7FF7B4342A40, 0x0)		 = -1 2
stat64("/usr/lib/system/libsystem_symptoms.dylib\0", 0x7FF7B4342A40, 0x0)		 = -1 2
stat64("/System/Volumes/Preboot/Cryptexes/OS/usr/lib/system/libsystem_symptoms.dylib\0", 0x7FF7B43429E0, 0x0)		 = -1 2
stat64("/usr/lib/system/libsystem_symptoms.dylib\0", 0x7FF7B4342A40, 0x0)		 = -1 2
stat64("/usr/lib/system/libsystem_containermanager.dylib\0", 0x7FF7B4342A40, 0x0)		 = -1 2
stat64("/System/Volumes/Preboot/Cryptexes/OS/usr/lib/system/libsystem_containermanager.dylib\0", 0x7FF7B43429E0, 0x0)		 = -1 2
stat64("/usr/lib/system/libsystem_containermanager.dylib\0", 0x7FF7B4342A40, 0x0)		 = -1 2
stat64("/usr/lib/system/libsystem_configuration.dylib\0", 0x7FF7B4342A40, 0x0)		 = -1 2
stat64("/System/Volumes/Preboot/Cryptexes/OS/usr/lib/system/libsystem_configuration.dylib\0", 0x7FF7B43429E0, 0x0)		 = -1 2
stat64("/usr/lib/system/libsystem_configuration.dylib\0", 0x7FF7B4342A40, 0x0)		 = -1 2
stat64("/usr/lib/system/libsystem_sandbox.dylib\0", 0x7FF7B4342A40, 0x0)		 = -1 2
stat64("/System/Volumes/Preboot/Cryptexes/OS/usr/lib/system/libsystem_sandbox.dylib\0", 0x7FF7B43429E0, 0x0)		 = -1 2
stat64("/usr/lib/system/libsystem_sandbox.dylib\0", 0x7FF7B4342A40, 0x0)		 = -1 2
stat64("/usr/lib/system/libquarantine.dylib\0", 0x7FF7B4342A40, 0x0)		 = -1 2
stat64("/System/Volumes/Preboot/Cryptexes/OS/usr/lib/system/libquarantine.dylib\0", 0x7FF7B43429F0, 0x0)		 = -1 2
stat64("/usr/lib/system/libquarantine.dylib\0", 0x7FF7B4342A40, 0x0)		 = -1 2
stat64("/usr/lib/system/libsystem_coreservices.dylib\0", 0x7FF7B4342A40, 0x0)		 = -1 2
stat64("/System/Volumes/Preboot/Cryptexes/OS/usr/lib/system/libsystem_coreservices.dylib\0", 0x7FF7B43429E0, 0x0)		 = -1 2
stat64("/usr/lib/system/libsystem_coreservices.dylib\0", 0x7FF7B4342A40, 0x0)		 = -1 2
stat64("/usr/lib/system/libsystem_m.dylib\0", 0x7FF7B4342A40, 0x0)		 = -1 2
stat64("/System/Volumes/Preboot/Cryptexes/OS/usr/lib/system/libsystem_m.dylib\0", 0x7FF7B43429F0, 0x0)		 = -1 2
stat64("/usr/lib/system/libsystem_m.dylib\0", 0x7FF7B4342A40, 0x0)		 = -1 2
stat64("/usr/lib/system/libmacho.dylib\0", 0x7FF7B4342A40, 0x0)		 = -1 2
stat64("/System/Volumes/Preboot/Cryptexes/OS/usr/lib/system/libmacho.dylib\0", 0x7FF7B43429F0, 0x0)		 = -1 2
stat64("/usr/lib/system/libmacho.dylib\0", 0x7FF7B4342A40, 0x0)		 = -1 2
stat64("/usr/lib/system/libcommonCrypto.dylib\0", 0x7FF7B4342A40, 0x0)		 = -1 2
stat64("/System/Volumes/Preboot/Cryptexes/OS/usr/lib/system/libcommonCrypto.dylib\0", 0x7FF7B43429E0, 0x0)		 = -1 2
stat64("/usr/lib/system/libcommonCrypto.dylib\0", 0x7FF7B4342A40, 0x0)		 = -1 2
stat64("/usr/lib/system/libunwind.dylib\0", 0x7FF7B4342A40, 0x0)		 = -1 2
stat64("/System/Volumes/Preboot/Cryptexes/OS/usr/lib/system/libunwind.dylib\0", 0x7FF7B43429F0, 0x0)		 = -1 2
stat64("/usr/lib/system/libunwind.dylib\0", 0x7FF7B4342A40, 0x0)		 = -1 2
stat64("/usr/lib/liboah.dylib\0", 0x7FF7B4342A40, 0x0)		 = -1 2
stat64("/System/Volumes/Preboot/Cryptexes/OS/usr/lib/liboah.dylib\0", 0x7FF7B43429F0, 0x0)		 = -1 2
stat64("/usr/lib/liboah.dylib\0", 0x7FF7B4342A40, 0x0)		 = -1 2
stat64("/usr/lib/system/libcopyfile.dylib\0", 0x7FF7B4342A40, 0x0)		 = -1 2
stat64("/System/Volumes/Preboot/Cryptexes/OS/usr/lib/system/libcopyfile.dylib\0", 0x7FF7B43429F0, 0x0)		 = -1 2
stat64("/usr/lib/system/libcopyfile.dylib\0", 0x7FF7B4342A40, 0x0)		 = -1 2
stat64("/usr/lib/system/libcompiler_rt.dylib\0", 0x7FF7B4342A40, 0x0)		 = -1 2
stat64("/System/Volumes/Preboot/Cryptexes/OS/usr/lib/system/libcompiler_rt.dylib\0", 0x7FF7B43429F0, 0x0)		 = -1 2
stat64("/usr/lib/system/libcompiler_rt.dylib\0", 0x7FF7B4342A40, 0x0)		 = -1 2
stat64("/usr/lib/system/libsystem_collections.dylib\0", 0x7FF7B4342A40, 0x0)		 = -1 2
stat64("/System/Volumes/Preboot/Cryptexes/OS/usr/lib/system/libsystem_collections.dylib\0", 0x7FF7B43429E0, 0x0)		 = -1 2
stat64("/usr/lib/system/libsystem_collections.dylib\0", 0x7FF7B4342A40, 0x0)		 = -1 2
stat64("/usr/lib/system/libsystem_secinit.dylib\0", 0x7FF7B4342A40, 0x0)		 = -1 2
stat64("/System/Volumes/Preboot/Cryptexes/OS/usr/lib/system/libsystem_secinit.dylib\0", 0x7FF7B43429E0, 0x0)		 = -1 2
stat64("/usr/lib/system/libsystem_secinit.dylib\0", 0x7FF7B4342A40, 0x0)		 = -1 2
stat64("/usr/lib/system/libremovefile.dylib\0", 0x7FF7B4342A40, 0x0)		 = -1 2
stat64("/System/Volumes/Preboot/Cryptexes/OS/usr/lib/system/libremovefile.dylib\0", 0x7FF7B43429F0, 0x0)		 = -1 2
stat64("/usr/lib/system/libremovefile.dylib\0", 0x7FF7B4342A40, 0x0)		 = -1 2
stat64("/usr/lib/system/libkeymgr.dylib\0", 0x7FF7B4342A40, 0x0)		 = -1 2
stat64("/System/Volumes/Preboot/Cryptexes/OS/usr/lib/system/libkeymgr.dylib\0", 0x7FF7B43429F0, 0x0)		 = -1 2
stat64("/usr/lib/system/libkeymgr.dylib\0", 0x7FF7B4342A40, 0x0)		 = -1 2
stat64("/usr/lib/system/libsystem_dnssd.dylib\0", 0x7FF7B4342A40, 0x0)		 = -1 2
stat64("/System/Volumes/Preboot/Cryptexes/OS/usr/lib/system/libsystem_dnssd.dylib\0", 0x7FF7B43429E0, 0x0)		 = -1 2
stat64("/usr/lib/system/libsystem_dnssd.dylib\0", 0x7FF7B4342A40, 0x0)		 = -1 2
stat64("/usr/lib/system/libcache.dylib\0", 0x7FF7B4342A40, 0x0)		 = -1 2
stat64("/System/Volumes/Preboot/Cryptexes/OS/usr/lib/system/libcache.dylib\0", 0x7FF7B43429F0, 0x0)		 = -1 2
stat64("/usr/lib/system/libcache.dylib\0", 0x7FF7B4342A40, 0x0)		 = -1 2
stat64("/usr/lib/libSystem.B.dylib\0", 0x7FF7B4342A40, 0x0)		 = -1 2
stat64("/System/Volumes/Preboot/Cryptexes/OS/usr/lib/libSystem.B.dylib\0", 0x7FF7B43429F0, 0x0)		 = -1 2
stat64("/usr/lib/libSystem.B.dylib\0", 0x7FF7B4342A40, 0x0)		 = -1 2
stat64("/usr/lib/system/libsystem_darwindirectory.dylib\0", 0x7FF7B4342A40, 0x0)		 = -1 2
stat64("/System/Volumes/Preboot/Cryptexes/OS/usr/lib/system/libsystem_darwindirectordtrace: error on enabled probe ID 1741 (ID 573: syscall::sysctl:return): invalid kernel access in action #10 at DIF offset 28
dtrace: error on enabled probe ID 1741 (ID 573: syscall::sysctl:return): invalid kernel access in action #10 at DIF offset 28
dtrace: error on enabled probe ID 1712 (ID 963: syscall::write_nocancel:return): invalid kernel access in action #12 at DIF offset 68
y.dylib\0", 0x7FF7B43429E0, 0x0)		 = -1 2
stat64("/usr/lib/system/libsystem_darwindirectory.dylib\0", 0x7FF7B4342A40, 0x0)		 = -1 2
open("/dev/dtracehelper\0", 0x2, 0x0)		 = 3 0
ioctl(0x3, 0x80086804, 0x7FF7B43449D8)		 = 0 0
close(0x3)		 = 0 0
open("/Users/rodat@thehutgroup.com/c-lang/stdlibext/safe\0", 0x0, 0x0)		 = 3 0
__mac_syscall(0x7FF8162EDE5B, 0x2, 0x7FF7B4343F90)		 = 0 0
map_with_linking_np(0x7FF7B4343EF0, 0x1, 0x7FF7B4343F20)		 = -1 22
close(0x3)		 = 0 0
mprotect(0x10BBBD000, 0x4000, 0x1)		 = 0 0
shared_region_check_np(0xFFFFFFFFFFFFFFFF, 0x0, 0x0)		 = 0 0
mprotect(0x10C100000, 0x40000, 0x1)		 = 0 0
access("/AppleInternal/XBS/.isChrooted\0", 0x0, 0x0)		 = -1 2
bsdthread_register(0x7FF8165E2B9C, 0x7FF8165E2B88, 0x2000)		 = 1073742303 0
getpid(0x0, 0x0, 0x0)		 = 33134 0
shm_open(0x7FF816485F42, 0x0, 0x16484388)		 = 3 0
fstat64(0x3, 0x7FF7B4344F00, 0x0)		 = 0 0
mmap(0x0, 0x4000, 0x1, 0x40001, 0x3, 0x0)		 = 0x10BBCB000 0
close(0x3)		 = 0 0
ioctl(0x2, 0x4004667A, 0x7FF7B4344FC4)		 = -1 25
ioctl(0x2, 0x40487413, 0x7FF7B4344FC8)		 = -1 25
mprotect(0x10BBD4000, 0x1000, 0x0)		 = 0 0
mprotect(0x10BBDB000, 0x1000, 0x0)		 = 0 0
mprotect(0x10BBDC000, 0x1000, 0x0)		 = 0 0
mprotect(0x10BBE3000, 0x1000, 0x0)		 = 0 0
mprotect(0x10BBCF000, 0x98, 0x1)		 = 0 0
mprotect(0x10BBCF000, 0x98, 0x3)		 = 0 0
mprotect(0x10BBCF000, 0x98, 0x1)		 = 0 0
mprotect(0x10BBE4000, 0x1000, 0x1)		 = 0 0
mprotect(0x10BBE5000, 0x98, 0x1)		 = 0 0
mprotect(0x10BBE5000, 0x98, 0x3)		 = 0 0
mprotect(0x10BBE5000, 0x98, 0x1)		 = 0 0
mprotect(0x10BBCF000, 0x98, 0x3)		 = 0 0
mprotect(0x10BBCF000, 0x98, 0x1)		 = 0 0
mprotect(0x10BBE4000, 0x1000, 0x3)		 = 0 0
mprotect(0x10BBE4000, 0x1000, 0x1)		 = 0 0
mprotect(0x10C100000, 0x40000, 0x3)		 = 0 0
mprotect(0x10C100000, 0x40000, 0x1)		 = 0 0
issetugid(0x0, 0x0, 0x0)		 = 0 0
mprotect(0x10C100000, 0x40000, 0x3)		 = 0 0
getentropy(0x7FF7B43447F0, 0x20, 0x0)		 = 0 0
mprotect(0x10C100000, 0x40000, 0x1)		 = 0 0
mprotect(0x10C100000, 0x40000, 0x3)		 = 0 0
mprotect(0x10C100000, 0x40000, 0x1)		 = 0 0
getattrlist("/Users/rodat@thehutgroup.com/c-lang/stdlibext/safe\0", 0x7FF7B4344EA0, 0x7FF7B4344EB8)		 = 0 0
access("/Users/rodat@thehutgroup.com/c-lang/stdlibext\0", 0x4, 0x0)		 = 0 0
open("/Users/rodat@thehutgroup.com/c-lang/stdlibext\0", 0x0, 0x0)		 = 3 0
fstat64(0x3, 0x7F8615004450, 0x0)		 = 0 0
csrctl(0x0, 0x7FF7B43450FC, 0x4)		 = -1 1
fgetattrlist(0x3, 0x7FF7B4345110, 0x7FF7B4345130)		 = 0 0
__mac_syscall(0x7FF8219F66A4, 0x2, 0x7FF7B4345130)		 = 0 0
fcntl(0x3, 0x32, 0x7FF7B4344DB0)		 = 0 0
close(0x3)		 = 0 0
open("/Users/rodat@thehutgroup.com/c-lang/stdlibext/Info.plist\0", 0x0, 0x0)		 = -1 2
proc_info(0x2, 0x816E, 0xD)		 = 64 0
csops_audittoken(0x816E, 0x10, 0x7FF7B4345100)		 = -1 22
csops(0x816E, 0x0, 0x7FF7B4345564)		 = 0 0
mprotect(0x10C100000, 0x40000, 0x3)		 = 0 0
getrlimit(0x1008, 0x7FF7B43460B0, 0x0)		 = 0 0
fstat64(0x1, 0x7FF7B4346098, 0x0)		 = 0 0

